1620857333788	geckodriver	INFO	Listening on 127.0.0.1:50330
1621036150223	geckodriver	INFO	Listening on 127.0.0.1:50829
1621036150229	mozrunner::runner	INFO	Running command: "/usr/bin/firefox" "--marionette" "-foreground" "-no-remote" "-profile" "/tmp/rust_mozprofileOrc2ak"
1621036151578	Marionette	INFO	Marionette enabled
console.warn: SearchSettings: "get: No settings file exists, new profile?" (new Error("", "(unknown module)"))
1621036155503	Marionette	INFO	Listening on port 35983
1621036155570	Marionette	WARN	TLS certificate errors will be ignored for this session
JavaScript error: resource://gre/modules/XULStore.jsm, line 66: Error: Can't find profile directory.
JavaScript error: resource://gre/modules/XULStore.jsm, line 66: Error: Can't find profile directory.
1621036223585	Marionette	INFO	Stopped listening on port 35983

###!!! [Parent][RunMessage] Error: Channel closing: too late to send/recv, messages will be lost

1621036254646	geckodriver	INFO	Listening on 127.0.0.1:34495
1621036254653	mozrunner::runner	INFO	Running command: "/usr/bin/firefox" "--marionette" "-foreground" "-no-remote" "-profile" "/tmp/rust_mozprofile6z6wPg"
1621036255775	Marionette	INFO	Marionette enabled
console.warn: SearchSettings: "get: No settings file exists, new profile?" (new Error("", "(unknown module)"))
1621036259602	Marionette	INFO	Listening on port 37527
1621036259697	Marionette	WARN	TLS certificate errors will be ignored for this session
JavaScript error: resource://gre/modules/XULStore.jsm, line 66: Error: Can't find profile directory.
JavaScript error: resource://gre/modules/XULStore.jsm, line 66: Error: Can't find profile directory.
1621036411813	Marionette	INFO	Stopped listening on port 37527

###!!! [Parent][RunMessage] Error: Channel closing: too late to send/recv, messages will be lost

1621036458230	geckodriver	INFO	Listening on 127.0.0.1:54219
1621036458236	mozrunner::runner	INFO	Running command: "/usr/bin/firefox" "--marionette" "-foreground" "-no-remote" "-profile" "/tmp/rust_mozprofilei2OQLx"
1621036459386	Marionette	INFO	Marionette enabled
console.warn: SearchSettings: "get: No settings file exists, new profile?" (new Error("", "(unknown module)"))
1621036463194	Marionette	INFO	Listening on port 40881
1621036463279	Marionette	WARN	TLS certificate errors will be ignored for this session
JavaScript error: resource://gre/modules/XULStore.jsm, line 66: Error: Can't find profile directory.
JavaScript error: resource://gre/modules/XULStore.jsm, line 66: Error: Can't find profile directory.
Exiting due to channel error.
Exiting due to channel error.
Exiting due to channel error.
1621036646037	geckodriver	INFO	Listening on 127.0.0.1:35437
1621036646043	mozrunner::runner	INFO	Running command: "/usr/bin/firefox" "--marionette" "-foreground" "-no-remote" "-profile" "/tmp/rust_mozprofiletdCBVR"
1621036647186	Marionette	INFO	Marionette enabled
console.warn: SearchSettings: "get: No settings file exists, new profile?" (new Error("", "(unknown module)"))
1621036651132	Marionette	INFO	Listening on port 36271
1621036651185	Marionette	WARN	TLS certificate errors will be ignored for this session
JavaScript error: resource://gre/modules/XULStore.jsm, line 66: Error: Can't find profile directory.
JavaScript error: resource://gre/modules/XULStore.jsm, line 66: Error: Can't find profile directory.
Exiting due to channel error.
Exiting due to channel error.
Exiting due to channel error.
1621036753365	geckodriver	INFO	Listening on 127.0.0.1:45243
1621036753372	mozrunner::runner	INFO	Running command: "/usr/bin/firefox" "--marionette" "-foreground" "-no-remote" "-profile" "/tmp/rust_mozprofileUXEgDm"
1621036754483	Marionette	INFO	Marionette enabled
console.warn: SearchSettings: "get: No settings file exists, new profile?" (new Error("", "(unknown module)"))
1621036759235	Marionette	INFO	Listening on port 38233
1621036759307	Marionette	WARN	TLS certificate errors will be ignored for this session
JavaScript error: resource://gre/modules/XULStore.jsm, line 66: Error: Can't find profile directory.
JavaScript error: resource://gre/modules/XULStore.jsm, line 66: Error: Can't find profile directory.
JavaScript warning: https://www.googletagservices.com/activeview/js/current/osd.js, line 6: Script terminated by timeout at:
k.Z@https://www.googletagservices.com/activeview/js/current/osd.js:6:51255
k.Z@https://www.googletagservices.com/activeview/js/current/osd.js:6:57323
Qf@https://www.googletagservices.com/activeview/js/current/osd.js:6:42472
dh@https://www.googletagservices.com/activeview/js/current/osd.js:6:58969
ah.prototype.Fb@https://www.googletagservices.com/activeview/js/current/osd.js:6:58697
Qe/a.g<@https://www.googletagservices.com/activeview/js/current/osd.js:6:32937
ee/</<@https://www.googletagservices.com/activeview/js/current/osd.js:6:26890
be/<@https://www.googletagservices.com/activeview/js/current/osd.js:6:26598
Md/<@https://www.googletagservices.com/activeview/js/current/osd.js:6:23861
be@https://www.googletagservices.com/activeview/js/current/osd.js:6:26737
ee/<@https://www.googletagservices.com/activeview/js/current/osd.js:6:26863
Md/<@https://www.googletagservices.com/activeview/js/current/osd.js:6:23861
Md/<@https://www.googletagservices.com/activeview/js/current/osd.js:6:23905

Exiting due to channel error.
Exiting due to channel error.
Exiting due to channel error.
Exiting due to channel error.
1621037071438	geckodriver	INFO	Listening on 127.0.0.1:39701
1621037071444	mozrunner::runner	INFO	Running command: "/usr/bin/firefox" "--marionette" "-foreground" "-no-remote" "-profile" "/tmp/rust_mozprofileFfs9AC"
1621037072621	Marionette	INFO	Marionette enabled
console.warn: SearchSettings: "get: No settings file exists, new profile?" (new Error("", "(unknown module)"))
1621037076504	Marionette	INFO	Listening on port 39839
1621037076582	Marionette	WARN	TLS certificate errors will be ignored for this session
JavaScript error: resource://gre/modules/XULStore.jsm, line 66: Error: Can't find profile directory.
JavaScript error: resource://gre/modules/XULStore.jsm, line 66: Error: Can't find profile directory.
Exiting due to channel error.
Exiting due to channel error.
Exiting due to channel error.
1621037138085	geckodriver	INFO	Listening on 127.0.0.1:41641
1621037138090	mozrunner::runner	INFO	Running command: "/usr/bin/firefox" "--marionette" "-foreground" "-no-remote" "-profile" "/tmp/rust_mozprofileznnOGB"
1621037139286	Marionette	INFO	Marionette enabled
console.warn: SearchSettings: "get: No settings file exists, new profile?" (new Error("", "(unknown module)"))
1621037143622	Marionette	INFO	Listening on port 40697
1621037143724	Marionette	WARN	TLS certificate errors will be ignored for this session
JavaScript error: resource://gre/modules/XULStore.jsm, line 66: Error: Can't find profile directory.
JavaScript error: resource://gre/modules/XULStore.jsm, line 66: Error: Can't find profile directory.
Exiting due to channel error.
Exiting due to channel error.
Exiting due to channel error.
1621037190227	geckodriver	INFO	Listening on 127.0.0.1:45001
1621037190233	mozrunner::runner	INFO	Running command: "/usr/bin/firefox" "--marionette" "-foreground" "-no-remote" "-profile" "/tmp/rust_mozprofileh1iHwU"
1621037191471	Marionette	INFO	Marionette enabled
console.warn: SearchSettings: "get: No settings file exists, new profile?" (new Error("", "(unknown module)"))
1621037195708	Marionette	INFO	Listening on port 43191
1621037195772	Marionette	WARN	TLS certificate errors will be ignored for this session
JavaScript error: resource://gre/modules/XULStore.jsm, line 66: Error: Can't find profile directory.
JavaScript error: resource://gre/modules/XULStore.jsm, line 66: Error: Can't find profile directory.
Exiting due to channel error.
Exiting due to channel error.
Exiting due to channel error.
Exiting due to channel error.
1621037488934	geckodriver	INFO	Listening on 127.0.0.1:48457
1621037488942	mozrunner::runner	INFO	Running command: "/usr/bin/firefox" "--marionette" "-foreground" "-no-remote" "-profile" "/tmp/rust_mozprofileq56Nve"
1621037490191	Marionette	INFO	Marionette enabled
console.warn: SearchSettings: "get: No settings file exists, new profile?" (new Error("", "(unknown module)"))
1621037494175	Marionette	INFO	Listening on port 39137
1621037494290	Marionette	WARN	TLS certificate errors will be ignored for this session
JavaScript error: resource://gre/modules/XULStore.jsm, line 66: Error: Can't find profile directory.
JavaScript error: resource://gre/modules/XULStore.jsm, line 66: Error: Can't find profile directory.
Exiting due to channel error.
Exiting due to channel error.
Exiting due to channel error.
1621037555715	geckodriver	INFO	Listening on 127.0.0.1:33009
1621037555721	mozrunner::runner	INFO	Running command: "/usr/bin/firefox" "--marionette" "-foreground" "-no-remote" "-profile" "/tmp/rust_mozprofilelqBL3a"
1621037556988	Marionette	INFO	Marionette enabled
console.warn: SearchSettings: "get: No settings file exists, new profile?" (new Error("", "(unknown module)"))
1621037560931	Marionette	INFO	Listening on port 34489
1621037560971	Marionette	WARN	TLS certificate errors will be ignored for this session
JavaScript error: resource://gre/modules/XULStore.jsm, line 66: Error: Can't find profile directory.
JavaScript error: resource://gre/modules/XULStore.jsm, line 66: Error: Can't find profile directory.
1621037596536	Marionette	INFO	Stopped listening on port 34489

###!!! [Parent][RunMessage] Error: Channel closing: too late to send/recv, messages will be lost

1621037616751	geckodriver	INFO	Listening on 127.0.0.1:55821
1621037616764	mozrunner::runner	INFO	Running command: "/usr/bin/firefox" "--marionette" "-foreground" "-no-remote" "-profile" "/tmp/rust_mozprofile34ZLF0"
1621037618089	Marionette	INFO	Marionette enabled
console.warn: SearchSettings: "get: No settings file exists, new profile?" (new Error("", "(unknown module)"))
1621037623739	Marionette	INFO	Listening on port 38877
1621037623837	Marionette	WARN	TLS certificate errors will be ignored for this session
JavaScript error: resource://gre/modules/XULStore.jsm, line 66: Error: Can't find profile directory.
JavaScript error: resource://gre/modules/XULStore.jsm, line 66: Error: Can't find profile directory.
JavaScript warning: https://robocorp.com/docs/1ca26f696c4dfca83bfabff99b9ca62eb2865a29-1540f54637605c48e5e0.js, line 124: unreachable code after return statement
JavaScript warning: https://robocorp.com/docs/1ca26f696c4dfca83bfabff99b9ca62eb2865a29-1540f54637605c48e5e0.js, line 124: unreachable code after return statement
Exiting due to channel error.
Exiting due to channel error.
Exiting due to channel error.
Exiting due to channel error.
1621037874121	geckodriver	INFO	Listening on 127.0.0.1:58071
1621037874127	mozrunner::runner	INFO	Running command: "/usr/bin/firefox" "--marionette" "-foreground" "-no-remote" "-profile" "/tmp/rust_mozprofilesCqijJ"
1621037875358	Marionette	INFO	Marionette enabled
console.warn: SearchSettings: "get: No settings file exists, new profile?" (new Error("", "(unknown module)"))
1621037879759	Marionette	INFO	Listening on port 44015
1621037879875	Marionette	WARN	TLS certificate errors will be ignored for this session
JavaScript error: resource://gre/modules/XULStore.jsm, line 66: Error: Can't find profile directory.
JavaScript error: resource://gre/modules/XULStore.jsm, line 66: Error: Can't find profile directory.
Exiting due to channel error.
Exiting due to channel error.
Exiting due to channel error.
1621037933108	geckodriver	INFO	Listening on 127.0.0.1:53981
1621037933116	mozrunner::runner	INFO	Running command: "/usr/bin/firefox" "--marionette" "-foreground" "-no-remote" "-profile" "/tmp/rust_mozprofileT2u5or"
1621037934499	Marionette	INFO	Marionette enabled
console.warn: SearchSettings: "get: No settings file exists, new profile?" (new Error("", "(unknown module)"))
1621037938514	Marionette	INFO	Listening on port 36603
1621037938573	Marionette	WARN	TLS certificate errors will be ignored for this session
JavaScript error: resource://gre/modules/XULStore.jsm, line 66: Error: Can't find profile directory.
JavaScript error: resource://gre/modules/XULStore.jsm, line 66: Error: Can't find profile directory.
Exiting due to channel error.
Exiting due to channel error.
Exiting due to channel error.
Exiting due to channel error.
1621038394526	geckodriver	INFO	Listening on 127.0.0.1:45431
1621038394532	mozrunner::runner	INFO	Running command: "/usr/bin/firefox" "--marionette" "-foreground" "-no-remote" "-profile" "/tmp/rust_mozprofilepjiYXQ"
1621038395737	Marionette	INFO	Marionette enabled
console.warn: SearchSettings: "get: No settings file exists, new profile?" (new Error("", "(unknown module)"))
1621038400668	Marionette	INFO	Listening on port 39203
1621038400774	Marionette	WARN	TLS certificate errors will be ignored for this session
JavaScript error: resource://gre/modules/XULStore.jsm, line 66: Error: Can't find profile directory.
JavaScript error: resource://gre/modules/XULStore.jsm, line 66: Error: Can't find profile directory.
Exiting due to channel error.
Exiting due to channel error.
Exiting due to channel error.
1621038524700	geckodriver	INFO	Listening on 127.0.0.1:46383
1621038524706	mozrunner::runner	INFO	Running command: "/usr/bin/firefox" "--marionette" "-foreground" "-no-remote" "-profile" "/tmp/rust_mozprofileeWAI11"
1621038525870	Marionette	INFO	Marionette enabled
console.warn: SearchSettings: "get: No settings file exists, new profile?" (new Error("", "(unknown module)"))
1621038529950	Marionette	INFO	Listening on port 39971
1621038530061	Marionette	WARN	TLS certificate errors will be ignored for this session
JavaScript error: resource://gre/modules/XULStore.jsm, line 66: Error: Can't find profile directory.
JavaScript error: resource://gre/modules/XULStore.jsm, line 66: Error: Can't find profile directory.
Exiting due to channel error.
Exiting due to channel error.
Exiting due to channel error.
1621038596911	geckodriver	INFO	Listening on 127.0.0.1:40091
1621038596917	mozrunner::runner	INFO	Running command: "/usr/bin/firefox" "--marionette" "-foreground" "-no-remote" "-profile" "/tmp/rust_mozprofilerAtJ7y"
1621038598052	Marionette	INFO	Marionette enabled
console.warn: SearchSettings: "get: No settings file exists, new profile?" (new Error("", "(unknown module)"))
1621038601986	Marionette	INFO	Listening on port 42697
1621038602066	Marionette	WARN	TLS certificate errors will be ignored for this session
JavaScript error: resource://gre/modules/XULStore.jsm, line 66: Error: Can't find profile directory.
JavaScript error: resource://gre/modules/XULStore.jsm, line 66: Error: Can't find profile directory.
Exiting due to channel error.
Exiting due to channel error.
Exiting due to channel error.
1621038820288	geckodriver	INFO	Listening on 127.0.0.1:36909
1621038820295	mozrunner::runner	INFO	Running command: "/usr/bin/firefox" "--marionette" "-foreground" "-no-remote" "-profile" "/tmp/rust_mozprofileIa2cGx"
1621038821442	Marionette	INFO	Marionette enabled
console.warn: SearchSettings: "get: No settings file exists, new profile?" (new Error("", "(unknown module)"))
1621038825554	Marionette	INFO	Listening on port 41187
1621038825633	Marionette	WARN	TLS certificate errors will be ignored for this session
JavaScript error: resource://gre/modules/XULStore.jsm, line 66: Error: Can't find profile directory.
JavaScript error: resource://gre/modules/XULStore.jsm, line 66: Error: Can't find profile directory.
Exiting due to channel error.
Exiting due to channel error.
Exiting due to channel error.
1621039099321	geckodriver	INFO	Listening on 127.0.0.1:33073
1621039099326	mozrunner::runner	INFO	Running command: "/usr/bin/firefox" "--marionette" "-foreground" "-no-remote" "-profile" "/tmp/rust_mozprofilezCcSRl"
1621039100713	Marionette	INFO	Marionette enabled
console.warn: SearchSettings: "get: No settings file exists, new profile?" (new Error("", "(unknown module)"))
1621039104825	Marionette	INFO	Listening on port 34221
1621039104893	Marionette	WARN	TLS certificate errors will be ignored for this session
JavaScript error: resource://gre/modules/XULStore.jsm, line 66: Error: Can't find profile directory.
JavaScript error: resource://gre/modules/XULStore.jsm, line 66: Error: Can't find profile directory.
1621039141160	Marionette	INFO	Stopped listening on port 34221

###!!! [Parent][RunMessage] Error: Channel closing: too late to send/recv, messages will be lost

1621039494285	geckodriver	INFO	Listening on 127.0.0.1:49139
1621039494291	mozrunner::runner	INFO	Running command: "/usr/bin/firefox" "--marionette" "-foreground" "-no-remote" "-profile" "/tmp/rust_mozprofilePOoiqr"
1621039495416	Marionette	INFO	Marionette enabled
console.warn: SearchSettings: "get: No settings file exists, new profile?" (new Error("", "(unknown module)"))
1621039499282	Marionette	INFO	Listening on port 39523
1621039499329	Marionette	WARN	TLS certificate errors will be ignored for this session
JavaScript error: resource://gre/modules/XULStore.jsm, line 66: Error: Can't find profile directory.
JavaScript error: resource://gre/modules/XULStore.jsm, line 66: Error: Can't find profile directory.
Exiting due to channel error.
Exiting due to channel error.
Exiting due to channel error.
1621039568887	geckodriver	INFO	Listening on 127.0.0.1:49141
1621039568894	mozrunner::runner	INFO	Running command: "/usr/bin/firefox" "--marionette" "-foreground" "-no-remote" "-profile" "/tmp/rust_mozprofileG2f22r"
1621039570021	Marionette	INFO	Marionette enabled
console.warn: SearchSettings: "get: No settings file exists, new profile?" (new Error("", "(unknown module)"))
1621039573876	Marionette	INFO	Listening on port 43361
1621039573941	Marionette	WARN	TLS certificate errors will be ignored for this session
JavaScript error: resource://gre/modules/XULStore.jsm, line 66: Error: Can't find profile directory.
JavaScript error: resource://gre/modules/XULStore.jsm, line 66: Error: Can't find profile directory.
1621039700676	Marionette	INFO	Stopped listening on port 43361
